<?xml version="1.0" encoding="UTF-8"?>
<!-- Generated by org.testng.reporters.JUnitXMLReporter -->
<testsuite ignored="0" hostname="LIN-5CD5329NTK" failures="1" tests="2" name="Test" time="8.449" errors="0" timestamp="2025-10-21T16:41:29 IST">
  <testcase classname="testcase.UI_signin" name="login" time="2.406"/>
  <testcase classname="testcase.UI_signin" name="verifyRegister" time="0.025">
    <failure type="java.lang.AssertionError" message="expected [Demo Web Shop. Register] but found [Demo Web Shop]">
      <![CDATA[java.lang.AssertionError: expected [Demo Web Shop. Register] but found [Demo Web Shop]
at testcase.UI_signin.verifyRegister(UI_signin.java:32)
at java.base/java.util.ArrayList.forEach(ArrayList.java:1596)
... Removed 31 stack frames]]>
    </failure>
  </testcase> <!-- verifyRegister -->
</testsuite> <!-- Test -->
